[debug] [2022-04-25T11:20:28.774Z] ----------------------------------------------------------------------
[debug] [2022-04-25T11:20:28.776Z] Command:       C:\Program Files\nodejs\node.exe C:\Users\sawln\AppData\Roaming\npm\node_modules\firebase-tools\lib\bin\firebase.js init
[debug] [2022-04-25T11:20:28.777Z] CLI Version:   10.7.1
[debug] [2022-04-25T11:20:28.777Z] Platform:      win32
[debug] [2022-04-25T11:20:28.777Z] Node Version:  v16.13.1
[debug] [2022-04-25T11:20:28.778Z] Time:          Mon Apr 25 2022 18:20:28 GMT+0700 (Indochina Time)
[debug] [2022-04-25T11:20:28.778Z] ----------------------------------------------------------------------
[debug] 
[debug] [2022-04-25T11:20:28.852Z] > command requires scopes: ["email","openid","https://www.googleapis.com/auth/cloudplatformprojects.readonly","https://www.googleapis.com/auth/firebase","https://www.googleapis.com/auth/cloud-platform"]
[debug] [2022-04-25T11:20:28.852Z] > authorizing via signed-in user (sawlnwza@gmail.com)
[info] 
     ######## #### ########  ######## ########     ###     ######  ########
     ##        ##  ##     ## ##       ##     ##  ##   ##  ##       ##
     ######    ##  ########  ######   ########  #########  ######  ######
     ##        ##  ##    ##  ##       ##     ## ##     ##       ## ##
     ##       #### ##     ## ######## ########  ##     ##  ######  ########

You're about to initialize a Firebase project in this directory:

  C:\Users\sawln\Desktop\mini_project_client-master\mini_project_client

Before we get started, keep in mind:

  * You are initializing within an existing Firebase project directory

[info] 
=== Project Setup
[info] 
[info] First, let's associate this project directory with a Firebase project.
[info] You can create multiple project aliases by running firebase use --add, 
[info] but for now we'll just set up a default project.
[info] 
[debug] [2022-04-25T11:20:35.073Z] Using project from CLI flag: mini-project-client
[debug] [2022-04-25T11:20:35.076Z] >>> [apiv2][query] GET https://firebase.googleapis.com/v1beta1/projects/mini-project-client [none]
[debug] [2022-04-25T11:20:35.984Z] <<< [apiv2][status] GET https://firebase.googleapis.com/v1beta1/projects/mini-project-client 403
[debug] [2022-04-25T11:20:35.984Z] <<< [apiv2][body] GET https://firebase.googleapis.com/v1beta1/projects/mini-project-client {"error":{"code":403,"message":"The caller does not have permission","status":"PERMISSION_DENIED"}}
[debug] [2022-04-25T11:20:35.985Z] HTTP Error: 403, The caller does not have permission
[debug] [2022-04-25T11:20:36.352Z] FirebaseError: HTTP Error: 403, The caller does not have permission
    at module.exports (C:\Users\sawln\AppData\Roaming\npm\node_modules\firebase-tools\lib\responseToError.js:47:12)
    at RetryOperation._fn (C:\Users\sawln\AppData\Roaming\npm\node_modules\firebase-tools\lib\apiv2.js:286:39)
    at processTicksAndRejections (node:internal/process/task_queues:96:5)
[error] 
[error] Error: Failed to get Firebase project mini-project-client. Please make sure the project exists and your account has permission to access it.
[debug] [2022-04-25T11:21:08.355Z] ----------------------------------------------------------------------
[debug] [2022-04-25T11:21:08.357Z] Command:       C:\Program Files\nodejs\node.exe C:\Users\sawln\AppData\Roaming\npm\node_modules\firebase-tools\lib\bin\firebase.js deploy
[debug] [2022-04-25T11:21:08.357Z] CLI Version:   10.7.1
[debug] [2022-04-25T11:21:08.357Z] Platform:      win32
[debug] [2022-04-25T11:21:08.358Z] Node Version:  v16.13.1
[debug] [2022-04-25T11:21:08.359Z] Time:          Mon Apr 25 2022 18:21:08 GMT+0700 (Indochina Time)
[debug] [2022-04-25T11:21:08.359Z] ----------------------------------------------------------------------
[debug] 
[debug] [2022-04-25T11:21:08.427Z] > command requires scopes: ["email","openid","https://www.googleapis.com/auth/cloudplatformprojects.readonly","https://www.googleapis.com/auth/firebase","https://www.googleapis.com/auth/cloud-platform"]
[debug] [2022-04-25T11:21:08.428Z] > authorizing via signed-in user (sawlnwza@gmail.com)
[debug] [2022-04-25T11:21:08.428Z] [iam] checking project mini-project-client for permissions ["firebase.projects.get","firebasehosting.sites.update"]
[debug] [2022-04-25T11:21:08.430Z] >>> [apiv2][query] POST https://cloudresourcemanager.googleapis.com/v1/projects/mini-project-client:testIamPermissions [none]
[debug] [2022-04-25T11:21:08.430Z] >>> [apiv2][body] POST https://cloudresourcemanager.googleapis.com/v1/projects/mini-project-client:testIamPermissions {"permissions":["firebase.projects.get","firebasehosting.sites.update"]}
[debug] [2022-04-25T11:21:10.299Z] <<< [apiv2][status] POST https://cloudresourcemanager.googleapis.com/v1/projects/mini-project-client:testIamPermissions 200
[debug] [2022-04-25T11:21:10.300Z] <<< [apiv2][body] POST https://cloudresourcemanager.googleapis.com/v1/projects/mini-project-client:testIamPermissions {}
[debug] [2022-04-25T11:21:10.300Z] [iam] error while checking permissions, command may fail: FirebaseError: Authorization failed. This account is missing the following required permissions on project mini-project-client:

  firebase.projects.get
  firebasehosting.sites.update
[debug] [2022-04-25T11:21:10.302Z] >>> [apiv2][query] GET https://firebase.googleapis.com/v1beta1/projects/mini-project-client [none]
[debug] [2022-04-25T11:21:10.976Z] <<< [apiv2][status] GET https://firebase.googleapis.com/v1beta1/projects/mini-project-client 403
[debug] [2022-04-25T11:21:10.976Z] <<< [apiv2][body] GET https://firebase.googleapis.com/v1beta1/projects/mini-project-client {"error":{"code":403,"message":"The caller does not have permission","status":"PERMISSION_DENIED"}}
[debug] [2022-04-25T11:21:10.977Z] HTTP Error: 403, The caller does not have permission
[debug] [2022-04-25T11:21:11.344Z] FirebaseError: HTTP Error: 403, The caller does not have permission
    at module.exports (C:\Users\sawln\AppData\Roaming\npm\node_modules\firebase-tools\lib\responseToError.js:47:12)
    at RetryOperation._fn (C:\Users\sawln\AppData\Roaming\npm\node_modules\firebase-tools\lib\apiv2.js:286:39)
    at processTicksAndRejections (node:internal/process/task_queues:96:5)
[error] 
[error] Error: Failed to get Firebase project mini-project-client. Please make sure the project exists and your account has permission to access it.
[debug] [2022-04-25T11:23:25.760Z] ----------------------------------------------------------------------
[debug] [2022-04-25T11:23:25.761Z] Command:       C:\Program Files\nodejs\node.exe C:\Users\sawln\AppData\Roaming\npm\node_modules\firebase-tools\lib\bin\firebase.js init
[debug] [2022-04-25T11:23:25.762Z] CLI Version:   10.7.1
[debug] [2022-04-25T11:23:25.762Z] Platform:      win32
[debug] [2022-04-25T11:23:25.762Z] Node Version:  v16.13.1
[debug] [2022-04-25T11:23:25.763Z] Time:          Mon Apr 25 2022 18:23:25 GMT+0700 (Indochina Time)
[debug] [2022-04-25T11:23:25.763Z] ----------------------------------------------------------------------
[debug] 
[debug] [2022-04-25T11:23:25.837Z] > command requires scopes: ["email","openid","https://www.googleapis.com/auth/cloudplatformprojects.readonly","https://www.googleapis.com/auth/firebase","https://www.googleapis.com/auth/cloud-platform"]
[debug] [2022-04-25T11:23:25.837Z] > authorizing via signed-in user (sawlnwza@gmail.com)
[info] 
     ######## #### ########  ######## ########     ###     ######  ########
     ##        ##  ##     ## ##       ##     ##  ##   ##  ##       ##
     ######    ##  ########  ######   ########  #########  ######  ######
     ##        ##  ##    ##  ##       ##     ## ##     ##       ## ##
     ##       #### ##     ## ######## ########  ##     ##  ######  ########

You're about to initialize a Firebase project in this directory:

  C:\Users\sawln\Desktop\mini_project_client-master\mini_project_client

Before we get started, keep in mind:

  * You are initializing within an existing Firebase project directory

[info] 
=== Project Setup
[info] 
[info] First, let's associate this project directory with a Firebase project.
[info] You can create multiple project aliases by running firebase use --add, 
[info] but for now we'll just set up a default project.
[info] 
[debug] [2022-04-25T11:24:05.611Z] Using project from CLI flag: mini-project-client
[debug] [2022-04-25T11:24:05.614Z] >>> [apiv2][query] GET https://firebase.googleapis.com/v1beta1/projects/mini-project-client [none]
[debug] [2022-04-25T11:24:06.576Z] <<< [apiv2][status] GET https://firebase.googleapis.com/v1beta1/projects/mini-project-client 403
[debug] [2022-04-25T11:24:06.576Z] <<< [apiv2][body] GET https://firebase.googleapis.com/v1beta1/projects/mini-project-client {"error":{"code":403,"message":"The caller does not have permission","status":"PERMISSION_DENIED"}}
[debug] [2022-04-25T11:24:06.577Z] HTTP Error: 403, The caller does not have permission
[debug] [2022-04-25T11:24:06.942Z] FirebaseError: HTTP Error: 403, The caller does not have permission
    at module.exports (C:\Users\sawln\AppData\Roaming\npm\node_modules\firebase-tools\lib\responseToError.js:47:12)
    at RetryOperation._fn (C:\Users\sawln\AppData\Roaming\npm\node_modules\firebase-tools\lib\apiv2.js:286:39)
    at processTicksAndRejections (node:internal/process/task_queues:96:5)
[error] 
[error] Error: Failed to get Firebase project mini-project-client. Please make sure the project exists and your account has permission to access it.
